TN:
SF:src/components/Admin/ConnectionDialog.tsx
FN:28,(anonymous_0)
FN:54,(anonymous_1)
FN:85,(anonymous_2)
FN:86,(anonymous_3)
FN:89,(anonymous_4)
FN:97,(anonymous_5)
FN:121,(anonymous_6)
FN:156,(anonymous_7)
FN:203,(anonymous_8)
FN:213,(anonymous_9)
FN:224,(anonymous_10)
FN:235,(anonymous_11)
FN:246,(anonymous_12)
FN:258,(anonymous_13)
FN:259,(anonymous_14)
FN:272,(anonymous_15)
FNF:16
FNH:14
FNDA:200,(anonymous_0)
FNDA:31,(anonymous_1)
FNDA:101,(anonymous_2)
FNDA:101,(anonymous_3)
FNDA:0,(anonymous_4)
FNDA:5,(anonymous_5)
FNDA:1,(anonymous_6)
FNDA:4,(anonymous_7)
FNDA:35,(anonymous_8)
FNDA:26,(anonymous_9)
FNDA:13,(anonymous_10)
FNDA:11,(anonymous_11)
FNDA:16,(anonymous_12)
FNDA:2,(anonymous_13)
FNDA:2,(anonymous_14)
FNDA:0,(anonymous_15)
DA:28,3
DA:34,200
DA:45,200
DA:46,200
DA:47,200
DA:51,200
DA:52,200
DA:54,200
DA:55,31
DA:57,6
DA:69,25
DA:80,31
DA:81,31
DA:82,31
DA:85,200
DA:86,101
DA:88,101
DA:89,0
DA:90,0
DA:91,0
DA:92,0
DA:97,200
DA:98,5
DA:100,5
DA:101,1
DA:103,5
DA:104,1
DA:106,5
DA:107,1
DA:109,5
DA:110,1
DA:112,5
DA:114,1
DA:117,5
DA:118,5
DA:121,200
DA:122,1
DA:123,0
DA:126,1
DA:127,1
DA:129,1
DA:130,1
DA:132,1
DA:133,1
DA:137,0
DA:138,0
DA:140,0
DA:141,0
DA:144,0
DA:147,0
DA:152,1
DA:156,200
DA:157,4
DA:158,1
DA:161,3
DA:162,3
DA:163,3
DA:165,1
DA:166,1
DA:167,1
DA:168,1
DA:169,0
DA:170,1
DA:171,1
DA:172,1
DA:173,0
DA:175,1
DA:178,2
DA:180,2
DA:181,2
DA:183,1
DA:186,1
DA:191,3
DA:195,200
DA:203,35
DA:213,26
DA:224,13
DA:235,11
DA:246,16
DA:258,2
DA:259,2
DA:272,0
LF:82
LH:68
BRDA:55,0,0,6
BRDA:55,0,1,25
BRDA:62,1,0,6
BRDA:62,1,1,0
BRDA:65,2,0,6
BRDA:65,2,1,0
BRDA:88,3,0,0
BRDA:88,3,1,101
BRDA:100,4,0,1
BRDA:100,4,1,4
BRDA:103,5,0,1
BRDA:103,5,1,4
BRDA:106,6,0,1
BRDA:106,6,1,4
BRDA:109,7,0,1
BRDA:109,7,1,4
BRDA:112,8,0,1
BRDA:112,8,1,4
BRDA:112,9,0,5
BRDA:112,9,1,3
BRDA:122,10,0,0
BRDA:122,10,1,1
BRDA:130,11,0,1
BRDA:130,11,1,0
BRDA:144,12,0,0
BRDA:144,12,1,0
BRDA:145,13,0,0
BRDA:145,13,1,0
BRDA:157,14,0,1
BRDA:157,14,1,3
BRDA:163,15,0,1
BRDA:163,15,1,2
BRDA:166,16,0,1
BRDA:166,16,1,0
BRDA:167,17,0,0
BRDA:167,17,1,1
BRDA:168,18,0,0
BRDA:168,18,1,1
BRDA:170,19,0,0
BRDA:170,19,1,1
BRDA:171,20,0,0
BRDA:171,20,1,1
BRDA:172,21,0,0
BRDA:172,21,1,1
BRDA:183,22,0,1
BRDA:183,22,1,0
BRDA:184,23,0,1
BRDA:184,23,1,0
BRDA:197,24,0,31
BRDA:197,24,1,169
BRDA:215,25,0,200
BRDA:215,25,1,199
BRDA:226,26,0,200
BRDA:226,26,1,199
BRDA:244,27,0,1
BRDA:244,27,1,199
BRDA:249,28,0,200
BRDA:249,28,1,199
BRDA:249,29,0,31
BRDA:249,29,1,168
BRDA:262,30,0,1
BRDA:262,30,1,199
BRDA:278,31,0,200
BRDA:278,31,1,2
BRDA:282,32,0,200
BRDA:282,32,1,199
BRDA:283,33,0,1
BRDA:283,33,1,199
BRDA:289,34,0,200
BRDA:289,34,1,197
BRDA:290,35,0,3
BRDA:290,35,1,197
BRF:72
BRH:55
end_of_record
TN:
SF:src/components/Admin/ConnectionList.tsx
FN:31,(anonymous_0)
FN:74,(anonymous_1)
FN:88,(anonymous_2)
FN:93,(anonymous_3)
FN:98,(anonymous_4)
FNF:5
FNH:5
FNDA:46,(anonymous_0)
FNDA:42,(anonymous_1)
FNDA:3,(anonymous_2)
FNDA:1,(anonymous_3)
FNDA:2,(anonymous_4)
DA:31,2
DA:38,46
DA:39,12
DA:46,34
DA:47,12
DA:59,22
DA:75,42
DA:88,3
DA:93,1
DA:98,2
LF:10
LH:10
BRDA:36,0,0,46
BRDA:38,1,0,12
BRDA:38,1,1,34
BRDA:46,2,0,12
BRDA:46,2,1,22
BRDA:80,3,0,42
BRDA:80,3,1,0
BRF:7
BRH:6
end_of_record
TN:
SF:src/components/Admin/DeleteDialog.tsx
FN:20,(anonymous_0)
FNF:1
FNH:1
FNDA:56,(anonymous_0)
DA:20,2
DA:21,56
DA:23,3
LF:3
LH:3
BRDA:21,0,0,53
BRDA:21,0,1,3
BRF:2
BRH:2
end_of_record
TN:
SF:src/components/Settings/SettingsDialog.tsx
FN:26,(anonymous_0)
FN:44,(anonymous_1)
FN:50,(anonymous_2)
FN:65,(anonymous_3)
FN:71,(anonymous_4)
FN:76,(anonymous_5)
FN:81,(anonymous_6)
FN:86,(anonymous_7)
FN:101,(anonymous_8)
FN:109,(anonymous_9)
FN:126,(anonymous_10)
FN:127,(anonymous_11)
FN:164,(anonymous_12)
FN:171,(anonymous_13)
FNF:14
FNH:9
FNDA:34,(anonymous_0)
FNDA:4,(anonymous_1)
FNDA:9,(anonymous_2)
FNDA:9,(anonymous_3)
FNDA:1,(anonymous_4)
FNDA:1,(anonymous_5)
FNDA:1,(anonymous_6)
FNDA:2,(anonymous_7)
FNDA:0,(anonymous_8)
FNDA:1,(anonymous_9)
FNDA:0,(anonymous_10)
FNDA:0,(anonymous_11)
FNDA:0,(anonymous_12)
FNDA:0,(anonymous_13)
DA:26,1
DA:27,34
DA:28,34
DA:29,34
DA:30,34
DA:31,34
DA:32,34
DA:41,34
DA:43,34
DA:45,4
DA:50,34
DA:51,9
DA:52,9
DA:53,9
DA:54,8
DA:56,1
DA:59,1
DA:61,9
DA:65,34
DA:66,9
DA:67,8
DA:71,34
DA:72,1
DA:73,1
DA:76,34
DA:77,1
DA:78,1
DA:81,34
DA:82,1
DA:83,1
DA:86,34
DA:87,2
DA:88,2
DA:89,2
DA:90,1
DA:92,1
DA:95,1
DA:97,2
DA:101,34
DA:102,0
DA:103,0
DA:109,34
DA:110,1
DA:112,1
DA:113,1
DA:114,1
DA:115,1
DA:116,1
DA:117,1
DA:119,0
DA:122,0
DA:126,34
DA:127,0
DA:130,34
DA:164,0
DA:171,0
LF:56
LH:49
BRDA:56,0,0,1
BRDA:56,0,1,0
BRDA:57,1,0,1
BRDA:57,1,1,0
BRDA:66,2,0,8
BRDA:66,2,1,1
BRDA:92,3,0,1
BRDA:92,3,1,0
BRDA:93,4,0,1
BRDA:93,4,1,0
BRDA:104,5,0,0
BRDA:104,5,1,0
BRDA:110,6,0,0
BRDA:110,6,1,1
BRDA:119,7,0,0
BRDA:119,7,1,0
BRDA:120,8,0,0
BRDA:120,8,1,0
BRDA:157,9,0,34
BRDA:157,9,1,32
BRF:20
BRH:9
end_of_record
TN:
SF:src/pages/AdminPanel.tsx
FN:24,(anonymous_0)
FN:43,(anonymous_1)
FN:49,(anonymous_2)
FN:61,(anonymous_3)
FN:76,(anonymous_4)
FN:81,(anonymous_5)
FN:86,(anonymous_6)
FN:91,(anonymous_7)
FN:96,(anonymous_8)
FN:111,(anonymous_9)
FN:119,(anonymous_10)
FN:136,(anonymous_11)
FN:137,(anonymous_12)
FN:173,(anonymous_13)
FN:180,(anonymous_14)
FNF:15
FNH:9
FNDA:25,(anonymous_0)
FNDA:4,(anonymous_1)
FNDA:8,(anonymous_2)
FNDA:9,(anonymous_3)
FNDA:8,(anonymous_4)
FNDA:1,(anonymous_5)
FNDA:0,(anonymous_6)
FNDA:1,(anonymous_7)
FNDA:1,(anonymous_8)
FNDA:0,(anonymous_9)
FNDA:1,(anonymous_10)
FNDA:0,(anonymous_11)
FNDA:0,(anonymous_12)
FNDA:0,(anonymous_13)
FNDA:0,(anonymous_14)
DA:24,1
DA:25,25
DA:26,25
DA:27,25
DA:28,25
DA:29,25
DA:30,25
DA:31,25
DA:40,25
DA:42,25
DA:44,4
DA:49,25
DA:50,8
DA:51,8
DA:52,7
DA:53,1
DA:54,1
DA:57,1
DA:61,25
DA:62,9
DA:63,9
DA:64,9
DA:65,8
DA:67,1
DA:70,1
DA:72,9
DA:76,25
DA:77,8
DA:78,8
DA:81,25
DA:82,1
DA:83,1
DA:86,25
DA:87,0
DA:88,0
DA:91,25
DA:92,1
DA:93,1
DA:96,25
DA:97,1
DA:98,1
DA:99,1
DA:100,1
DA:102,0
DA:105,0
DA:107,1
DA:111,25
DA:112,0
DA:113,0
DA:119,25
DA:120,1
DA:122,1
DA:123,1
DA:124,1
DA:125,1
DA:126,1
DA:127,1
DA:129,0
DA:132,0
DA:136,25
DA:137,0
DA:140,25
DA:173,0
DA:180,0
LF:64
LH:53
BRDA:52,0,0,1
BRDA:52,0,1,6
BRDA:67,1,0,1
BRDA:67,1,1,0
BRDA:68,2,0,1
BRDA:68,2,1,0
BRDA:102,3,0,0
BRDA:102,3,1,0
BRDA:103,4,0,0
BRDA:103,4,1,0
BRDA:114,5,0,0
BRDA:114,5,1,0
BRDA:120,6,0,0
BRDA:120,6,1,1
BRDA:129,7,0,0
BRDA:129,7,1,0
BRDA:130,8,0,0
BRDA:130,8,1,0
BRDA:155,9,0,9
BRDA:155,9,1,16
BRF:20
BRH:7
end_of_record
TN:
SF:src/pages/Browser.tsx
FN:59,(anonymous_0)
FN:71,(anonymous_1)
FN:92,(anonymous_2)
FN:163,(anonymous_3)
FN:171,(anonymous_4)
FN:172,(anonymous_5)
FN:178,(anonymous_6)
FN:184,(anonymous_7)
FN:197,(anonymous_8)
FN:255,(anonymous_9)
FN:259,(anonymous_10)
FN:272,(anonymous_11)
FN:289,(anonymous_12)
FN:290,(anonymous_13)
FN:320,(anonymous_14)
FN:325,(anonymous_15)
FN:333,(anonymous_16)
FN:347,(anonymous_17)
FN:377,(anonymous_18)
FN:381,(anonymous_19)
FN:387,(anonymous_20)
FN:394,(anonymous_21)
FN:406,(anonymous_22)
FN:413,(anonymous_23)
FN:437,(anonymous_24)
FN:443,(anonymous_25)
FN:444,(anonymous_26)
FN:456,(anonymous_27)
FN:474,(anonymous_28)
FN:494,(anonymous_29)
FN:498,(anonymous_30)
FN:503,(anonymous_31)
FN:512,(anonymous_32)
FN:523,(anonymous_33)
FN:537,(anonymous_34)
FN:544,(anonymous_35)
FN:552,(anonymous_36)
FN:553,(anonymous_37)
FN:577,(anonymous_38)
FN:583,(anonymous_39)
FN:590,(anonymous_40)
FN:602,(anonymous_41)
FN:608,(anonymous_42)
FN:613,(anonymous_43)
FN:629,(anonymous_44)
FN:652,(anonymous_45)
FN:660,(anonymous_46)
FN:665,(anonymous_47)
FN:687,(anonymous_48)
FN:698,(anonymous_49)
FN:699,(anonymous_50)
FN:744,(anonymous_51)
FN:749,(anonymous_52)
FN:764,(anonymous_53)
FN:769,(anonymous_54)
FN:774,(anonymous_55)
FN:844,(anonymous_56)
FN:852,(anonymous_57)
FN:861,(anonymous_58)
FN:864,(anonymous_59)
FN:876,(anonymous_60)
FN:894,(anonymous_61)
FN:919,(anonymous_62)
FN:948,(anonymous_63)
FN:969,(anonymous_64)
FN:987,(anonymous_65)
FN:1000,(anonymous_66)
FN:1010,(anonymous_67)
FN:1055,(anonymous_68)
FN:1064,(anonymous_69)
FN:1069,(anonymous_70)
FN:1080,(anonymous_71)
FN:1092,(anonymous_72)
FN:1126,(anonymous_73)
FN:1136,(anonymous_74)
FN:1175,(anonymous_75)
FN:1201,(anonymous_76)
FN:1269,(anonymous_77)
FN:1280,(anonymous_78)
FNF:79
FNH:61
FNDA:77,(anonymous_0)
FNDA:195,(anonymous_1)
FNDA:310,(anonymous_2)
FNDA:113,(anonymous_3)
FNDA:56,(anonymous_4)
FNDA:64,(anonymous_5)
FNDA:8,(anonymous_6)
FNDA:43,(anonymous_7)
FNDA:99,(anonymous_8)
FNDA:92,(anonymous_9)
FNDA:43,(anonymous_10)
FNDA:38,(anonymous_11)
FNDA:2,(anonymous_12)
FNDA:2,(anonymous_13)
FNDA:57,(anonymous_14)
FNDA:11,(anonymous_15)
FNDA:8,(anonymous_16)
FNDA:6,(anonymous_17)
FNDA:84,(anonymous_18)
FNDA:58,(anonymous_19)
FNDA:43,(anonymous_20)
FNDA:91,(anonymous_21)
FNDA:47,(anonymous_22)
FNDA:91,(anonymous_23)
FNDA:8,(anonymous_24)
FNDA:43,(anonymous_25)
FNDA:71,(anonymous_26)
FNDA:71,(anonymous_27)
FNDA:0,(anonymous_28)
FNDA:0,(anonymous_29)
FNDA:42,(anonymous_30)
FNDA:28,(anonymous_31)
FNDA:43,(anonymous_32)
FNDA:92,(anonymous_33)
FNDA:138,(anonymous_34)
FNDA:92,(anonymous_35)
FNDA:43,(anonymous_36)
FNDA:26,(anonymous_37)
FNDA:43,(anonymous_38)
FNDA:92,(anonymous_39)
FNDA:3,(anonymous_40)
FNDA:0,(anonymous_41)
FNDA:119,(anonymous_42)
FNDA:78,(anonymous_43)
FNDA:36,(anonymous_44)
FNDA:132,(anonymous_45)
FNDA:0,(anonymous_46)
FNDA:0,(anonymous_47)
FNDA:50,(anonymous_48)
FNDA:123,(anonymous_49)
FNDA:36,(anonymous_50)
FNDA:3,(anonymous_51)
FNDA:2,(anonymous_52)
FNDA:0,(anonymous_53)
FNDA:0,(anonymous_54)
FNDA:2,(anonymous_55)
FNDA:0,(anonymous_56)
FNDA:0,(anonymous_57)
FNDA:123,(anonymous_58)
FNDA:0,(anonymous_59)
FNDA:0,(anonymous_60)
FNDA:195,(anonymous_61)
FNDA:6,(anonymous_62)
FNDA:139,(anonymous_63)
FNDA:3,(anonymous_64)
FNDA:528,(anonymous_65)
FNDA:0,(anonymous_66)
FNDA:1,(anonymous_67)
FNDA:1,(anonymous_68)
FNDA:49,(anonymous_69)
FNDA:0,(anonymous_70)
FNDA:1,(anonymous_71)
FNDA:5,(anonymous_72)
FNDA:27,(anonymous_73)
FNDA:0,(anonymous_74)
FNDA:0,(anonymous_75)
FNDA:0,(anonymous_76)
FNDA:0,(anonymous_77)
FNDA:0,(anonymous_78)
DA:59,1
DA:60,77
DA:61,77
DA:62,77
DA:63,77
DA:64,77
DA:65,69
DA:66,69
DA:68,77
DA:71,1
DA:72,195
DA:73,195
DA:74,195
DA:75,195
DA:76,195
DA:78,195
DA:79,0
DA:83,195
DA:84,0
DA:85,195
DA:86,0
DA:88,195
DA:92,1
DA:93,310
DA:94,310
DA:95,310
DA:97,310
DA:98,310
DA:99,310
DA:100,310
DA:101,310
DA:102,310
DA:103,310
DA:104,310
DA:105,310
DA:106,310
DA:107,310
DA:108,310
DA:109,310
DA:120,310
DA:121,310
DA:122,310
DA:123,310
DA:124,310
DA:125,310
DA:128,310
DA:129,310
DA:130,310
DA:133,310
DA:134,310
DA:137,310
DA:149,310
DA:154,310
DA:155,310
DA:158,310
DA:160,310
DA:163,310
DA:164,113
DA:170,310
DA:172,64
DA:177,310
DA:179,8
DA:184,310
DA:185,43
DA:186,43
DA:187,41
DA:190,2
DA:191,1
DA:196,310
DA:198,99
DA:201,99
DA:204,99
DA:205,98
DA:206,98
DA:208,0
DA:209,0
DA:210,0
DA:213,99
DA:214,99
DA:215,99
DA:216,99
DA:219,91
DA:224,91
DA:226,8
DA:227,8
DA:228,8
DA:233,8
DA:234,0
DA:235,8
DA:236,2
DA:238,6
DA:244,0
DA:246,8
DA:248,99
DA:255,310
DA:256,92
DA:259,310
DA:260,43
DA:261,43
DA:262,43
DA:263,0
DA:264,0
DA:266,43
DA:267,41
DA:270,41
DA:271,37
DA:272,38
DA:274,37
DA:277,37
DA:280,0
DA:281,0
DA:286,4
DA:289,4
DA:290,2
DA:291,1
DA:292,3
DA:293,2
DA:294,2
DA:298,4
DA:299,3
DA:300,3
DA:303,2
DA:304,2
DA:305,2
DA:306,1
DA:307,1
DA:308,1
DA:310,0
DA:313,0
DA:319,310
DA:321,57
DA:322,17
DA:325,11
DA:326,8
DA:328,8
DA:331,8
DA:333,8
DA:336,8
DA:339,57
DA:340,8
DA:346,310
DA:348,6
DA:349,6
DA:351,6
DA:354,4
DA:355,4
DA:361,4
DA:362,4
DA:363,4
DA:365,4
DA:366,4
DA:369,2
DA:370,2
DA:377,310
DA:378,84
DA:381,310
DA:382,58
DA:387,310
DA:388,43
DA:389,43
DA:394,310
DA:395,91
DA:397,48
DA:398,48
DA:399,48
DA:400,48
DA:401,48
DA:402,48
DA:406,48
DA:407,47
DA:413,310
DA:414,91
DA:416,8
DA:418,8
DA:419,8
DA:420,8
DA:421,0
DA:425,8
DA:426,91
DA:429,91
DA:430,0
DA:431,0
DA:433,8
DA:437,8
DA:438,8
DA:443,310
DA:444,43
DA:445,71
DA:447,71
DA:448,71
DA:449,71
DA:453,71
DA:454,71
DA:456,71
DA:457,71
DA:458,71
DA:461,71
DA:462,71
DA:463,71
DA:464,31
DA:474,71
DA:475,0
DA:477,0
DA:479,0
DA:480,0
DA:483,0
DA:484,0
DA:487,0
DA:488,0
DA:489,0
DA:494,71
DA:495,0
DA:498,71
DA:499,42
DA:500,42
DA:503,42
DA:504,28
DA:509,43
DA:512,43
DA:513,43
DA:514,0
DA:516,43
DA:517,42
DA:523,310
DA:524,92
DA:526,44
DA:537,310
DA:538,138
DA:539,57
DA:544,310
DA:545,92
DA:547,49
DA:552,310
DA:553,43
DA:554,26
DA:555,26
DA:557,26
DA:558,26
DA:564,26
DA:569,43
DA:570,43
DA:571,0
DA:575,43
DA:577,43
DA:578,43
DA:579,43
DA:583,310
DA:584,92
DA:586,49
DA:590,310
DA:591,3
DA:592,3
DA:593,3
DA:594,3
DA:596,3
DA:597,3
DA:599,3
DA:602,310
DA:603,0
DA:605,0
DA:608,310
DA:610,119
DA:611,119
DA:612,26
DA:613,78
DA:617,119
DA:618,119
DA:620,119
DA:621,133
DA:622,78
DA:624,55
DA:629,119
DA:630,36
DA:632,34
DA:634,1
DA:636,1
DA:637,1
DA:638,1
DA:641,0
DA:645,119
DA:646,119
DA:648,119
DA:652,310
DA:653,132
DA:656,132
DA:657,132
DA:659,0
DA:660,0
DA:662,0
DA:663,0
DA:665,0
DA:666,0
DA:667,0
DA:674,0
DA:675,0
DA:679,0
DA:683,132
DA:687,310
DA:688,50
DA:689,0
DA:698,310
DA:699,123
DA:701,36
DA:703,36
DA:705,36
DA:707,27
DA:708,0
DA:709,0
DA:712,27
DA:719,0
DA:720,0
DA:721,0
DA:722,0
DA:723,0
DA:724,0
DA:725,0
DA:726,0
DA:729,27
DA:732,9
DA:733,9
DA:736,9
DA:737,9
DA:738,0
DA:741,9
DA:743,3
DA:744,3
DA:745,3
DA:748,2
DA:749,2
DA:750,2
DA:753,0
DA:754,0
DA:755,0
DA:758,0
DA:759,0
DA:760,0
DA:763,0
DA:764,0
DA:765,0
DA:768,0
DA:769,0
DA:770,0
DA:773,2
DA:774,2
DA:775,2
DA:776,2
DA:777,2
DA:779,2
DA:785,2
DA:788,2
DA:789,2
DA:791,0
DA:794,0
DA:797,2
DA:799,2
DA:802,1
DA:803,1
DA:804,1
DA:805,1
DA:806,1
DA:807,1
DA:809,1
DA:812,0
DA:813,0
DA:814,0
DA:815,0
DA:818,0
DA:819,0
DA:820,0
DA:823,1
DA:824,1
DA:825,1
DA:828,0
DA:829,0
DA:830,0
DA:834,0
DA:836,0
DA:837,0
DA:841,0
DA:844,0
DA:845,0
DA:847,0
DA:848,0
DA:852,0
DA:853,0
DA:856,0
DA:860,123
DA:861,123
DA:864,310
DA:865,0
DA:866,0
DA:867,0
DA:868,0
DA:870,0
DA:871,0
DA:876,310
DA:877,0
DA:878,0
DA:881,310
DA:893,310
DA:895,195
DA:897,195
DA:898,195
DA:899,77
DA:901,195
DA:902,195
DA:905,195
DA:919,6
DA:947,310
DA:948,139
DA:956,310
DA:969,3
DA:988,528
DA:1000,0
DA:1010,1
DA:1056,1
DA:1057,1
DA:1065,49
DA:1069,0
DA:1080,1
DA:1093,5
DA:1126,27
DA:1136,0
DA:1175,0
DA:1201,0
DA:1269,0
DA:1280,0
LF:427
LH:323
BRDA:60,0,0,0
BRDA:60,0,1,77
BRDA:64,1,0,77
BRDA:64,1,1,69
BRDA:68,2,0,8
BRDA:68,2,1,69
BRDA:72,3,0,0
BRDA:72,3,1,195
BRDA:78,4,0,0
BRDA:78,4,1,195
BRDA:83,5,0,0
BRDA:83,5,1,195
BRDA:85,6,0,0
BRDA:85,6,1,195
BRDA:190,7,0,1
BRDA:190,7,1,1
BRDA:190,8,0,2
BRDA:190,8,1,2
BRDA:197,9,0,99
BRDA:198,10,0,0
BRDA:198,10,1,99
BRDA:204,11,0,98
BRDA:204,11,1,1
BRDA:206,12,0,0
BRDA:206,12,1,98
BRDA:227,13,0,8
BRDA:227,13,1,0
BRDA:233,14,0,0
BRDA:233,14,1,8
BRDA:235,15,0,2
BRDA:235,15,1,6
BRDA:239,16,0,6
BRDA:239,16,1,2
BRDA:262,17,0,0
BRDA:262,17,1,43
BRDA:270,18,0,37
BRDA:270,18,1,4
BRDA:274,19,0,37
BRDA:274,19,1,0
BRDA:289,20,0,1
BRDA:289,20,1,3
BRDA:289,21,0,4
BRDA:289,21,1,1
BRDA:292,22,0,2
BRDA:292,22,1,1
BRDA:298,23,0,3
BRDA:298,23,1,1
BRDA:304,24,0,2
BRDA:304,24,1,0
BRDA:305,25,0,1
BRDA:305,25,1,1
BRDA:307,26,0,1
BRDA:307,26,1,0
BRDA:321,27,0,40
BRDA:321,27,1,17
BRDA:322,28,0,9
BRDA:322,28,1,8
BRDA:326,29,0,0
BRDA:326,29,1,8
BRDA:336,30,0,5
BRDA:336,30,1,3
BRDA:339,31,0,8
BRDA:339,31,1,49
BRDA:348,32,0,6
BRDA:348,32,1,0
BRDA:351,33,0,4
BRDA:351,33,1,2
BRDA:361,34,0,0
BRDA:361,34,1,4
BRDA:365,35,0,4
BRDA:365,35,1,0
BRDA:369,36,0,0
BRDA:369,36,1,2
BRDA:395,37,0,43
BRDA:395,37,1,48
BRDA:397,38,0,48
BRDA:397,38,1,0
BRDA:399,39,0,48
BRDA:399,39,1,0
BRDA:401,40,0,48
BRDA:401,40,1,38
BRDA:414,41,0,83
BRDA:414,41,1,8
BRDA:414,42,0,91
BRDA:414,42,1,8
BRDA:418,43,0,8
BRDA:418,43,1,0
BRDA:420,44,0,0
BRDA:420,44,1,8
BRDA:420,45,0,8
BRDA:420,45,1,8
BRDA:425,46,0,8
BRDA:425,46,1,3
BRDA:429,47,0,0
BRDA:429,47,1,8
BRDA:445,48,0,0
BRDA:445,48,1,71
BRDA:447,49,0,71
BRDA:447,49,1,71
BRDA:448,50,0,0
BRDA:448,50,1,71
BRDA:449,51,0,0
BRDA:449,51,1,71
BRDA:463,52,0,31
BRDA:463,52,1,40
BRDA:463,53,0,71
BRDA:463,53,1,31
BRDA:477,54,0,0
BRDA:477,54,1,0
BRDA:487,55,0,0
BRDA:487,55,1,0
BRDA:487,56,0,0
BRDA:487,56,1,0
BRDA:513,57,0,0
BRDA:513,57,1,43
BRDA:516,58,0,42
BRDA:516,58,1,1
BRDA:524,59,0,44
BRDA:524,59,1,48
BRDA:524,60,0,92
BRDA:524,60,1,44
BRDA:538,61,0,57
BRDA:538,61,1,81
BRDA:545,62,0,49
BRDA:545,62,1,43
BRDA:554,63,0,26
BRDA:554,63,1,0
BRDA:562,64,0,0
BRDA:562,64,1,26
BRDA:564,65,0,0
BRDA:564,65,1,26
BRDA:570,66,0,0
BRDA:570,66,1,43
BRDA:584,67,0,49
BRDA:584,67,1,43
BRDA:611,68,0,26
BRDA:611,68,1,93
BRDA:621,69,0,78
BRDA:621,69,1,55
BRDA:630,70,0,34
BRDA:630,70,1,1
BRDA:630,70,2,1
BRDA:630,70,3,0
BRDA:634,71,0,1
BRDA:634,71,1,1
BRDA:634,72,0,1
BRDA:634,72,1,1
BRDA:636,73,0,1
BRDA:636,73,1,0
BRDA:637,74,0,1
BRDA:637,74,1,0
BRDA:657,75,0,0
BRDA:657,75,1,132
BRDA:662,76,0,0
BRDA:662,76,1,0
BRDA:666,77,0,0
BRDA:666,77,1,0
BRDA:688,78,0,0
BRDA:688,78,1,50
BRDA:688,79,0,50
BRDA:688,79,1,0
BRDA:703,80,0,36
BRDA:703,80,1,10
BRDA:703,80,2,10
BRDA:705,81,0,27
BRDA:705,81,1,9
BRDA:705,82,0,36
BRDA:705,82,1,10
BRDA:705,82,2,10
BRDA:705,82,3,10
BRDA:707,83,0,0
BRDA:707,83,1,27
BRDA:707,84,0,27
BRDA:707,84,1,0
BRDA:707,84,2,0
BRDA:712,85,0,0
BRDA:712,85,1,27
BRDA:713,86,0,27
BRDA:713,86,1,0
BRDA:713,86,2,0
BRDA:713,86,3,0
BRDA:713,86,4,0
BRDA:720,87,0,0
BRDA:720,87,1,0
BRDA:720,88,0,0
BRDA:720,88,1,0
BRDA:737,89,0,0
BRDA:737,89,1,9
BRDA:737,90,0,9
BRDA:737,90,1,0
BRDA:741,91,0,9
BRDA:741,91,1,2
BRDA:741,91,2,0
BRDA:741,91,3,0
BRDA:741,91,4,0
BRDA:741,91,5,0
BRDA:741,91,6,2
BRDA:741,91,7,1
BRDA:741,91,8,0
BRDA:741,91,9,0
BRDA:741,91,10,1
BRDA:741,91,11,0
BRDA:741,91,12,0
BRDA:776,92,0,2
BRDA:776,92,1,0
BRDA:777,93,0,2
BRDA:777,93,1,0
BRDA:785,94,0,1
BRDA:785,94,1,1
BRDA:791,95,0,0
BRDA:791,95,1,0
BRDA:803,96,0,1
BRDA:803,96,1,0
BRDA:834,97,0,0
BRDA:834,97,1,0
BRDA:834,98,0,0
BRDA:834,98,1,0
BRDA:836,99,0,0
BRDA:836,99,1,0
BRDA:847,100,0,0
BRDA:847,100,1,0
BRDA:870,101,0,0
BRDA:870,101,1,0
BRDA:881,102,0,40
BRDA:881,102,1,270
BRDA:898,103,0,77
BRDA:898,103,1,118
BRDA:898,104,0,195
BRDA:898,104,1,77
BRDA:901,105,0,195
BRDA:901,105,1,0
BRDA:912,106,0,118
BRDA:912,106,1,77
BRDA:925,107,0,118
BRDA:925,107,1,77
BRDA:965,108,0,310
BRDA:965,108,1,264
BRDA:1007,109,0,310
BRDA:1007,109,1,265
BRDA:1033,110,0,310
BRDA:1033,110,1,10
BRDA:1039,111,0,310
BRDA:1039,111,1,46
BRDA:1039,111,2,44
BRDA:1042,112,0,44
BRDA:1042,112,1,1
BRDA:1043,113,0,44
BRDA:1043,113,1,43
BRDA:1047,114,0,310
BRDA:1047,114,1,227
BRDA:1076,115,0,227
BRDA:1076,115,1,168
BRDA:1093,116,0,2
BRDA:1093,116,1,3
BRDA:1110,117,0,155
BRDA:1110,117,1,13
BRDA:1119,118,0,227
BRDA:1119,118,1,168
BRDA:1134,119,0,168
BRDA:1134,119,1,52
BRDA:1146,120,0,21
BRDA:1146,120,1,206
BRDA:1167,121,0,72
BRDA:1167,121,1,134
BRDA:1170,122,0,20
BRDA:1170,122,1,52
BRDA:1174,123,0,72
BRDA:1174,123,1,20
BRDA:1276,124,0,310
BRDA:1276,124,1,2
BRF:270
BRH:185
end_of_record
TN:
SF:src/pages/Login.tsx
FN:7,(anonymous_0)
FN:13,(anonymous_1)
FN:54,(anonymous_2)
FN:64,(anonymous_3)
FNF:4
FNH:4
FNDA:114,(anonymous_0)
FNDA:6,(anonymous_1)
FNDA:50,(anonymous_2)
FNDA:50,(anonymous_3)
DA:7,1
DA:8,114
DA:9,114
DA:10,114
DA:11,114
DA:13,114
DA:14,6
DA:15,6
DA:17,6
DA:18,6
DA:19,4
DA:20,4
DA:22,2
DA:26,114
DA:54,50
DA:64,50
LF:16
LH:16
BRDA:40,0,0,114
BRDA:40,0,1,14
BRF:2
BRH:2
end_of_record
TN:
SF:src/services/api.ts
FN:14,(anonymous_0)
FN:21,(anonymous_1)
FN:28,(anonymous_2)
FN:33,(anonymous_3)
FN:34,(anonymous_4)
FN:50,(anonymous_5)
FN:60,(anonymous_6)
FN:65,(anonymous_7)
FN:73,(anonymous_8)
FN:78,(anonymous_9)
FN:83,(anonymous_10)
FN:94,(anonymous_11)
FN:98,(anonymous_12)
FN:104,(anonymous_13)
FN:111,(anonymous_14)
FN:119,(anonymous_15)
FN:127,(anonymous_16)
FN:135,(anonymous_17)
FN:152,(anonymous_18)
FN:154,(anonymous_19)
FNF:20
FNH:16
FNDA:1,(anonymous_0)
FNDA:0,(anonymous_1)
FNDA:0,(anonymous_2)
FNDA:0,(anonymous_3)
FNDA:0,(anonymous_4)
FNDA:3,(anonymous_5)
FNDA:1,(anonymous_6)
FNDA:1,(anonymous_7)
FNDA:5,(anonymous_8)
FNDA:1,(anonymous_9)
FNDA:1,(anonymous_10)
FNDA:1,(anonymous_11)
FNDA:1,(anonymous_12)
FNDA:4,(anonymous_13)
FNDA:1,(anonymous_14)
FNDA:1,(anonymous_15)
FNDA:1,(anonymous_16)
FNDA:1,(anonymous_17)
FNDA:1,(anonymous_18)
FNDA:3,(anonymous_19)
DA:15,1
DA:20,1
DA:22,0
DA:23,0
DA:24,0
DA:26,0
DA:28,0
DA:32,1
DA:33,0
DA:37,0
DA:41,0
DA:42,0
DA:44,0
DA:51,3
DA:52,3
DA:53,3
DA:55,3
DA:56,2
DA:57,2
DA:61,1
DA:62,1
DA:66,1
DA:74,5
DA:75,3
DA:79,1
DA:80,1
DA:87,1
DA:91,1
DA:95,1
DA:99,1
DA:100,1
DA:105,4
DA:108,3
DA:112,1
DA:115,1
DA:120,1
DA:121,1
DA:122,1
DA:128,1
DA:129,1
DA:130,1
DA:136,1
DA:137,1
DA:144,1
DA:148,1
DA:152,1
DA:154,1
DA:157,3
DA:158,3
DA:159,2
DA:160,1
DA:162,1
DA:163,1
DA:165,1
DA:166,1
LF:55
LH:45
BRDA:16,0,0,1
BRDA:16,0,1,1
BRDA:23,1,0,0
BRDA:23,1,1,0
BRDA:37,2,0,0
BRDA:37,2,1,0
BRDA:38,3,0,0
BRDA:38,3,1,0
BRDA:104,4,0,4
BRDA:121,5,0,1
BRDA:121,5,1,1
BRDA:129,6,0,1
BRDA:129,6,1,1
BRDA:159,7,0,1
BRDA:159,7,1,1
BRF:15
BRH:9
end_of_record
TN:
SF:src/types/index.ts
FN:31,(anonymous_0)
FN:76,isApiError
FNF:2
FNH:2
FNDA:5,(anonymous_0)
FNDA:16,isApiError
DA:31,5
DA:32,5
DA:33,5
DA:77,16
LF:4
LH:4
BRDA:31,0,0,5
BRDA:31,0,1,5
BRDA:77,1,0,16
BRDA:77,1,1,16
BRDA:77,1,2,16
BRDA:77,1,3,2
BRF:6
BRH:6
end_of_record
