TN:
SF:src/components/Admin/ConnectionDialog.tsx
FN:28,(anonymous_0)
FN:54,(anonymous_1)
FN:85,(anonymous_2)
FN:86,(anonymous_3)
FN:89,(anonymous_4)
FN:97,(anonymous_5)
FN:121,(anonymous_6)
FN:156,(anonymous_7)
FN:203,(anonymous_8)
FN:213,(anonymous_9)
FN:224,(anonymous_10)
FN:235,(anonymous_11)
FN:246,(anonymous_12)
FN:258,(anonymous_13)
FN:259,(anonymous_14)
FN:272,(anonymous_15)
FNF:16
FNH:14
FNDA:200,(anonymous_0)
FNDA:31,(anonymous_1)
FNDA:101,(anonymous_2)
FNDA:101,(anonymous_3)
FNDA:0,(anonymous_4)
FNDA:5,(anonymous_5)
FNDA:1,(anonymous_6)
FNDA:4,(anonymous_7)
FNDA:35,(anonymous_8)
FNDA:26,(anonymous_9)
FNDA:13,(anonymous_10)
FNDA:11,(anonymous_11)
FNDA:16,(anonymous_12)
FNDA:2,(anonymous_13)
FNDA:2,(anonymous_14)
FNDA:0,(anonymous_15)
DA:28,3
DA:34,200
DA:45,200
DA:46,200
DA:47,200
DA:51,200
DA:52,200
DA:54,200
DA:55,31
DA:57,6
DA:69,25
DA:80,31
DA:81,31
DA:82,31
DA:85,200
DA:86,101
DA:88,101
DA:89,0
DA:90,0
DA:91,0
DA:92,0
DA:97,200
DA:98,5
DA:100,5
DA:101,1
DA:103,5
DA:104,1
DA:106,5
DA:107,1
DA:109,5
DA:110,1
DA:112,5
DA:114,1
DA:117,5
DA:118,5
DA:121,200
DA:122,1
DA:123,0
DA:126,1
DA:127,1
DA:129,1
DA:130,1
DA:132,1
DA:133,1
DA:137,0
DA:138,0
DA:140,0
DA:141,0
DA:144,0
DA:147,0
DA:152,1
DA:156,200
DA:157,4
DA:158,1
DA:161,3
DA:162,3
DA:163,3
DA:165,1
DA:166,1
DA:167,1
DA:168,1
DA:169,0
DA:170,1
DA:171,1
DA:172,1
DA:173,0
DA:175,1
DA:178,2
DA:180,2
DA:181,2
DA:183,1
DA:186,1
DA:191,3
DA:195,200
DA:203,35
DA:213,26
DA:224,13
DA:235,11
DA:246,16
DA:258,2
DA:259,2
DA:272,0
LF:82
LH:68
BRDA:55,0,0,6
BRDA:55,0,1,25
BRDA:62,1,0,6
BRDA:62,1,1,0
BRDA:65,2,0,6
BRDA:65,2,1,0
BRDA:88,3,0,0
BRDA:88,3,1,101
BRDA:100,4,0,1
BRDA:100,4,1,4
BRDA:103,5,0,1
BRDA:103,5,1,4
BRDA:106,6,0,1
BRDA:106,6,1,4
BRDA:109,7,0,1
BRDA:109,7,1,4
BRDA:112,8,0,1
BRDA:112,8,1,4
BRDA:112,9,0,5
BRDA:112,9,1,3
BRDA:122,10,0,0
BRDA:122,10,1,1
BRDA:130,11,0,1
BRDA:130,11,1,0
BRDA:144,12,0,0
BRDA:144,12,1,0
BRDA:145,13,0,0
BRDA:145,13,1,0
BRDA:157,14,0,1
BRDA:157,14,1,3
BRDA:163,15,0,1
BRDA:163,15,1,2
BRDA:166,16,0,1
BRDA:166,16,1,0
BRDA:167,17,0,0
BRDA:167,17,1,1
BRDA:168,18,0,0
BRDA:168,18,1,1
BRDA:170,19,0,0
BRDA:170,19,1,1
BRDA:171,20,0,0
BRDA:171,20,1,1
BRDA:172,21,0,0
BRDA:172,21,1,1
BRDA:183,22,0,1
BRDA:183,22,1,0
BRDA:184,23,0,1
BRDA:184,23,1,0
BRDA:197,24,0,31
BRDA:197,24,1,169
BRDA:215,25,0,200
BRDA:215,25,1,199
BRDA:226,26,0,200
BRDA:226,26,1,199
BRDA:244,27,0,1
BRDA:244,27,1,199
BRDA:249,28,0,200
BRDA:249,28,1,199
BRDA:249,29,0,31
BRDA:249,29,1,168
BRDA:262,30,0,1
BRDA:262,30,1,199
BRDA:278,31,0,200
BRDA:278,31,1,2
BRDA:282,32,0,200
BRDA:282,32,1,199
BRDA:283,33,0,1
BRDA:283,33,1,199
BRDA:289,34,0,200
BRDA:289,34,1,197
BRDA:290,35,0,3
BRDA:290,35,1,197
BRF:72
BRH:55
end_of_record
TN:
SF:src/components/Admin/ConnectionList.tsx
FN:31,(anonymous_0)
FN:74,(anonymous_1)
FN:88,(anonymous_2)
FN:93,(anonymous_3)
FN:98,(anonymous_4)
FNF:5
FNH:5
FNDA:46,(anonymous_0)
FNDA:42,(anonymous_1)
FNDA:3,(anonymous_2)
FNDA:1,(anonymous_3)
FNDA:2,(anonymous_4)
DA:31,2
DA:38,46
DA:39,12
DA:46,34
DA:47,12
DA:59,22
DA:75,42
DA:88,3
DA:93,1
DA:98,2
LF:10
LH:10
BRDA:36,0,0,46
BRDA:38,1,0,12
BRDA:38,1,1,34
BRDA:46,2,0,12
BRDA:46,2,1,22
BRDA:80,3,0,42
BRDA:80,3,1,0
BRF:7
BRH:6
end_of_record
TN:
SF:src/components/Admin/DeleteDialog.tsx
FN:20,(anonymous_0)
FNF:1
FNH:1
FNDA:56,(anonymous_0)
DA:20,2
DA:21,56
DA:23,3
LF:3
LH:3
BRDA:21,0,0,53
BRDA:21,0,1,3
BRF:2
BRH:2
end_of_record
TN:
SF:src/components/Settings/SettingsDialog.tsx
FN:26,(anonymous_0)
FN:44,(anonymous_1)
FN:50,(anonymous_2)
FN:65,(anonymous_3)
FN:71,(anonymous_4)
FN:76,(anonymous_5)
FN:81,(anonymous_6)
FN:86,(anonymous_7)
FN:101,(anonymous_8)
FN:109,(anonymous_9)
FN:126,(anonymous_10)
FN:127,(anonymous_11)
FN:164,(anonymous_12)
FN:171,(anonymous_13)
FNF:14
FNH:9
FNDA:34,(anonymous_0)
FNDA:4,(anonymous_1)
FNDA:9,(anonymous_2)
FNDA:9,(anonymous_3)
FNDA:1,(anonymous_4)
FNDA:1,(anonymous_5)
FNDA:1,(anonymous_6)
FNDA:2,(anonymous_7)
FNDA:0,(anonymous_8)
FNDA:1,(anonymous_9)
FNDA:0,(anonymous_10)
FNDA:0,(anonymous_11)
FNDA:0,(anonymous_12)
FNDA:0,(anonymous_13)
DA:26,1
DA:27,34
DA:28,34
DA:29,34
DA:30,34
DA:31,34
DA:32,34
DA:41,34
DA:43,34
DA:45,4
DA:50,34
DA:51,9
DA:52,9
DA:53,9
DA:54,8
DA:56,1
DA:59,1
DA:61,9
DA:65,34
DA:66,9
DA:67,8
DA:71,34
DA:72,1
DA:73,1
DA:76,34
DA:77,1
DA:78,1
DA:81,34
DA:82,1
DA:83,1
DA:86,34
DA:87,2
DA:88,2
DA:89,2
DA:90,1
DA:92,1
DA:95,1
DA:97,2
DA:101,34
DA:102,0
DA:103,0
DA:109,34
DA:110,1
DA:112,1
DA:113,1
DA:114,1
DA:115,1
DA:116,1
DA:117,1
DA:119,0
DA:122,0
DA:126,34
DA:127,0
DA:130,34
DA:164,0
DA:171,0
LF:56
LH:49
BRDA:56,0,0,1
BRDA:56,0,1,0
BRDA:57,1,0,1
BRDA:57,1,1,0
BRDA:66,2,0,8
BRDA:66,2,1,1
BRDA:92,3,0,1
BRDA:92,3,1,0
BRDA:93,4,0,1
BRDA:93,4,1,0
BRDA:104,5,0,0
BRDA:104,5,1,0
BRDA:110,6,0,0
BRDA:110,6,1,1
BRDA:119,7,0,0
BRDA:119,7,1,0
BRDA:120,8,0,0
BRDA:120,8,1,0
BRDA:157,9,0,34
BRDA:157,9,1,32
BRF:20
BRH:9
end_of_record
TN:
SF:src/pages/AdminPanel.tsx
FN:24,(anonymous_0)
FN:43,(anonymous_1)
FN:49,(anonymous_2)
FN:61,(anonymous_3)
FN:76,(anonymous_4)
FN:81,(anonymous_5)
FN:86,(anonymous_6)
FN:91,(anonymous_7)
FN:96,(anonymous_8)
FN:111,(anonymous_9)
FN:119,(anonymous_10)
FN:136,(anonymous_11)
FN:137,(anonymous_12)
FN:173,(anonymous_13)
FN:180,(anonymous_14)
FNF:15
FNH:9
FNDA:25,(anonymous_0)
FNDA:4,(anonymous_1)
FNDA:8,(anonymous_2)
FNDA:9,(anonymous_3)
FNDA:8,(anonymous_4)
FNDA:1,(anonymous_5)
FNDA:0,(anonymous_6)
FNDA:1,(anonymous_7)
FNDA:1,(anonymous_8)
FNDA:0,(anonymous_9)
FNDA:1,(anonymous_10)
FNDA:0,(anonymous_11)
FNDA:0,(anonymous_12)
FNDA:0,(anonymous_13)
FNDA:0,(anonymous_14)
DA:24,1
DA:25,25
DA:26,25
DA:27,25
DA:28,25
DA:29,25
DA:30,25
DA:31,25
DA:40,25
DA:42,25
DA:44,4
DA:49,25
DA:50,8
DA:51,8
DA:52,7
DA:53,1
DA:54,1
DA:57,1
DA:61,25
DA:62,9
DA:63,9
DA:64,9
DA:65,8
DA:67,1
DA:70,1
DA:72,9
DA:76,25
DA:77,8
DA:78,8
DA:81,25
DA:82,1
DA:83,1
DA:86,25
DA:87,0
DA:88,0
DA:91,25
DA:92,1
DA:93,1
DA:96,25
DA:97,1
DA:98,1
DA:99,1
DA:100,1
DA:102,0
DA:105,0
DA:107,1
DA:111,25
DA:112,0
DA:113,0
DA:119,25
DA:120,1
DA:122,1
DA:123,1
DA:124,1
DA:125,1
DA:126,1
DA:127,1
DA:129,0
DA:132,0
DA:136,25
DA:137,0
DA:140,25
DA:173,0
DA:180,0
LF:64
LH:53
BRDA:52,0,0,1
BRDA:52,0,1,6
BRDA:67,1,0,1
BRDA:67,1,1,0
BRDA:68,2,0,1
BRDA:68,2,1,0
BRDA:102,3,0,0
BRDA:102,3,1,0
BRDA:103,4,0,0
BRDA:103,4,1,0
BRDA:114,5,0,0
BRDA:114,5,1,0
BRDA:120,6,0,0
BRDA:120,6,1,1
BRDA:129,7,0,0
BRDA:129,7,1,0
BRDA:130,8,0,0
BRDA:130,8,1,0
BRDA:155,9,0,9
BRDA:155,9,1,16
BRF:20
BRH:7
end_of_record
TN:
SF:src/pages/Browser.tsx
FN:59,(anonymous_0)
FN:71,(anonymous_1)
FN:92,(anonymous_2)
FN:164,(anonymous_3)
FN:172,(anonymous_4)
FN:173,(anonymous_5)
FN:179,(anonymous_6)
FN:185,(anonymous_7)
FN:198,(anonymous_8)
FN:258,(anonymous_9)
FN:262,(anonymous_10)
FN:275,(anonymous_11)
FN:295,(anonymous_12)
FN:298,(anonymous_13)
FN:331,(anonymous_14)
FN:336,(anonymous_15)
FN:344,(anonymous_16)
FN:358,(anonymous_17)
FN:390,(anonymous_18)
FN:394,(anonymous_19)
FN:400,(anonymous_20)
FN:407,(anonymous_21)
FN:419,(anonymous_22)
FN:426,(anonymous_23)
FN:453,(anonymous_24)
FN:459,(anonymous_25)
FN:460,(anonymous_26)
FN:474,(anonymous_27)
FN:492,(anonymous_28)
FN:515,(anonymous_29)
FN:519,(anonymous_30)
FN:524,(anonymous_31)
FN:533,(anonymous_32)
FN:544,(anonymous_33)
FN:558,(anonymous_34)
FN:565,(anonymous_35)
FN:573,(anonymous_36)
FN:574,(anonymous_37)
FN:598,(anonymous_38)
FN:604,(anonymous_39)
FN:611,(anonymous_40)
FN:623,(anonymous_41)
FN:629,(anonymous_42)
FN:634,(anonymous_43)
FN:650,(anonymous_44)
FN:673,(anonymous_45)
FN:681,(anonymous_46)
FN:686,(anonymous_47)
FN:708,(anonymous_48)
FN:719,(anonymous_49)
FN:720,(anonymous_50)
FN:767,(anonymous_51)
FN:772,(anonymous_52)
FN:787,(anonymous_53)
FN:792,(anonymous_54)
FN:797,(anonymous_55)
FN:867,(anonymous_56)
FN:875,(anonymous_57)
FN:884,(anonymous_58)
FN:887,(anonymous_59)
FN:899,(anonymous_60)
FN:917,(anonymous_61)
FN:948,(anonymous_62)
FN:977,(anonymous_63)
FN:998,(anonymous_64)
FN:1016,(anonymous_65)
FN:1029,(anonymous_66)
FN:1039,(anonymous_67)
FN:1089,(anonymous_68)
FN:1098,(anonymous_69)
FN:1103,(anonymous_70)
FN:1114,(anonymous_71)
FN:1126,(anonymous_72)
FN:1160,(anonymous_73)
FN:1172,(anonymous_74)
FN:1217,(anonymous_75)
FN:1247,(anonymous_76)
FN:1318,(anonymous_77)
FN:1329,(anonymous_78)
FNF:79
FNH:57
FNDA:26,(anonymous_0)
FNDA:73,(anonymous_1)
FNDA:134,(anonymous_2)
FNDA:56,(anonymous_3)
FNDA:27,(anonymous_4)
FNDA:31,(anonymous_5)
FNDA:3,(anonymous_6)
FNDA:24,(anonymous_7)
FNDA:49,(anonymous_8)
FNDA:49,(anonymous_9)
FNDA:24,(anonymous_10)
FNDA:19,(anonymous_11)
FNDA:2,(anonymous_12)
FNDA:2,(anonymous_13)
FNDA:27,(anonymous_14)
FNDA:4,(anonymous_15)
FNDA:3,(anonymous_16)
FNDA:2,(anonymous_17)
FNDA:46,(anonymous_18)
FNDA:28,(anonymous_19)
FNDA:24,(anonymous_20)
FNDA:48,(anonymous_21)
FNDA:22,(anonymous_22)
FNDA:48,(anonymous_23)
FNDA:3,(anonymous_24)
FNDA:24,(anonymous_25)
FNDA:24,(anonymous_26)
FNDA:24,(anonymous_27)
FNDA:0,(anonymous_28)
FNDA:0,(anonymous_29)
FNDA:23,(anonymous_30)
FNDA:0,(anonymous_31)
FNDA:24,(anonymous_32)
FNDA:48,(anonymous_33)
FNDA:70,(anonymous_34)
FNDA:48,(anonymous_35)
FNDA:24,(anonymous_36)
FNDA:10,(anonymous_37)
FNDA:24,(anonymous_38)
FNDA:48,(anonymous_39)
FNDA:1,(anonymous_40)
FNDA:0,(anonymous_41)
FNDA:53,(anonymous_42)
FNDA:9,(anonymous_43)
FNDA:18,(anonymous_44)
FNDA:57,(anonymous_45)
FNDA:0,(anonymous_46)
FNDA:0,(anonymous_47)
FNDA:25,(anonymous_48)
FNDA:54,(anonymous_49)
FNDA:3,(anonymous_50)
FNDA:0,(anonymous_51)
FNDA:0,(anonymous_52)
FNDA:0,(anonymous_53)
FNDA:0,(anonymous_54)
FNDA:0,(anonymous_55)
FNDA:0,(anonymous_56)
FNDA:0,(anonymous_57)
FNDA:54,(anonymous_58)
FNDA:0,(anonymous_59)
FNDA:0,(anonymous_60)
FNDA:73,(anonymous_61)
FNDA:2,(anonymous_62)
FNDA:58,(anonymous_63)
FNDA:1,(anonymous_64)
FNDA:214,(anonymous_65)
FNDA:0,(anonymous_66)
FNDA:1,(anonymous_67)
FNDA:1,(anonymous_68)
FNDA:17,(anonymous_69)
FNDA:0,(anonymous_70)
FNDA:1,(anonymous_71)
FNDA:2,(anonymous_72)
FNDA:3,(anonymous_73)
FNDA:0,(anonymous_74)
FNDA:0,(anonymous_75)
FNDA:0,(anonymous_76)
FNDA:0,(anonymous_77)
FNDA:0,(anonymous_78)
DA:59,1
DA:60,26
DA:61,26
DA:62,26
DA:63,26
DA:64,26
DA:65,23
DA:66,23
DA:68,26
DA:71,1
DA:72,73
DA:73,73
DA:74,73
DA:75,73
DA:76,73
DA:78,73
DA:79,0
DA:83,73
DA:84,0
DA:85,73
DA:86,0
DA:88,73
DA:92,1
DA:93,134
DA:94,134
DA:95,134
DA:97,134
DA:98,134
DA:99,134
DA:100,134
DA:101,134
DA:102,134
DA:103,134
DA:104,134
DA:105,134
DA:106,134
DA:107,134
DA:108,134
DA:109,134
DA:120,134
DA:121,134
DA:122,134
DA:123,134
DA:124,134
DA:125,134
DA:128,134
DA:129,134
DA:131,134
DA:134,134
DA:135,134
DA:138,134
DA:150,134
DA:155,134
DA:156,134
DA:159,134
DA:161,134
DA:164,134
DA:165,56
DA:171,134
DA:173,31
DA:178,134
DA:180,3
DA:185,134
DA:186,24
DA:187,24
DA:188,22
DA:191,2
DA:192,1
DA:197,134
DA:199,49
DA:202,49
DA:205,49
DA:206,48
DA:207,48
DA:209,0
DA:210,0
DA:211,0
DA:214,49
DA:215,49
DA:216,49
DA:217,49
DA:220,41
DA:225,41
DA:227,8
DA:228,8
DA:229,8
DA:234,8
DA:235,0
DA:236,8
DA:237,2
DA:239,6
DA:245,0
DA:249,8
DA:251,49
DA:258,134
DA:259,49
DA:262,134
DA:263,24
DA:264,24
DA:265,24
DA:266,0
DA:267,0
DA:269,24
DA:270,22
DA:273,22
DA:274,18
DA:276,19
DA:278,18
DA:281,18
DA:284,0
DA:285,0
DA:290,4
DA:293,4
DA:295,2
DA:297,1
DA:298,2
DA:300,1
DA:301,3
DA:302,2
DA:303,2
DA:307,4
DA:308,3
DA:309,3
DA:312,2
DA:313,2
DA:314,2
DA:315,1
DA:316,1
DA:317,1
DA:321,0
DA:324,0
DA:330,134
DA:332,27
DA:333,6
DA:336,4
DA:337,3
DA:339,3
DA:342,3
DA:344,3
DA:347,3
DA:350,27
DA:351,3
DA:357,134
DA:359,2
DA:360,2
DA:362,2
DA:365,1
DA:366,1
DA:372,1
DA:373,1
DA:374,1
DA:376,1
DA:377,1
DA:380,1
DA:383,1
DA:390,134
DA:391,46
DA:394,134
DA:395,28
DA:400,134
DA:401,24
DA:402,24
DA:407,134
DA:408,48
DA:410,24
DA:411,24
DA:412,24
DA:413,24
DA:414,24
DA:415,24
DA:419,24
DA:420,22
DA:426,134
DA:427,48
DA:429,3
DA:431,3
DA:432,3
DA:433,3
DA:434,0
DA:438,3
DA:439,48
DA:442,48
DA:443,0
DA:447,0
DA:449,3
DA:453,3
DA:454,3
DA:459,134
DA:460,24
DA:461,24
DA:464,24
DA:466,24
DA:467,24
DA:471,24
DA:472,24
DA:474,24
DA:475,24
DA:476,24
DA:479,24
DA:480,24
DA:481,24
DA:482,3
DA:492,24
DA:493,0
DA:495,0
DA:497,0
DA:498,0
DA:501,0
DA:502,0
DA:505,0
DA:509,0
DA:510,0
DA:515,24
DA:516,0
DA:519,24
DA:520,23
DA:521,23
DA:524,23
DA:525,0
DA:530,24
DA:533,24
DA:534,24
DA:535,0
DA:537,24
DA:538,23
DA:544,134
DA:545,48
DA:547,21
DA:558,134
DA:559,70
DA:560,27
DA:565,134
DA:566,48
DA:568,24
DA:573,134
DA:574,24
DA:575,10
DA:576,10
DA:578,10
DA:579,10
DA:585,10
DA:590,24
DA:591,24
DA:592,0
DA:596,24
DA:598,24
DA:599,24
DA:600,24
DA:604,134
DA:605,48
DA:607,24
DA:611,134
DA:612,1
DA:613,1
DA:614,1
DA:615,1
DA:617,1
DA:618,1
DA:620,1
DA:623,134
DA:624,0
DA:626,0
DA:629,134
DA:631,53
DA:632,53
DA:633,3
DA:634,9
DA:638,53
DA:639,53
DA:641,53
DA:642,60
DA:643,39
DA:645,21
DA:650,53
DA:651,18
DA:653,16
DA:655,1
DA:657,1
DA:658,1
DA:659,1
DA:662,0
DA:666,53
DA:667,53
DA:669,53
DA:673,134
DA:674,57
DA:677,57
DA:678,57
DA:680,0
DA:681,0
DA:683,0
DA:684,0
DA:686,0
DA:687,0
DA:688,0
DA:695,0
DA:696,0
DA:700,0
DA:704,57
DA:708,134
DA:709,25
DA:710,0
DA:719,134
DA:720,54
DA:722,3
DA:724,3
DA:728,3
DA:730,3
DA:731,0
DA:732,0
DA:735,3
DA:742,0
DA:743,0
DA:744,0
DA:745,0
DA:746,0
DA:747,0
DA:748,0
DA:749,0
DA:752,3
DA:755,0
DA:756,0
DA:759,0
DA:760,0
DA:761,0
DA:764,0
DA:766,0
DA:767,0
DA:768,0
DA:771,0
DA:772,0
DA:773,0
DA:776,0
DA:777,0
DA:778,0
DA:781,0
DA:782,0
DA:783,0
DA:786,0
DA:787,0
DA:788,0
DA:791,0
DA:792,0
DA:793,0
DA:796,0
DA:797,0
DA:798,0
DA:799,0
DA:800,0
DA:802,0
DA:808,0
DA:811,0
DA:812,0
DA:814,0
DA:817,0
DA:820,0
DA:822,0
DA:825,0
DA:826,0
DA:827,0
DA:828,0
DA:829,0
DA:830,0
DA:832,0
DA:835,0
DA:836,0
DA:837,0
DA:838,0
DA:841,0
DA:842,0
DA:843,0
DA:846,0
DA:847,0
DA:848,0
DA:851,0
DA:852,0
DA:853,0
DA:857,0
DA:859,0
DA:860,0
DA:864,0
DA:867,0
DA:868,0
DA:870,0
DA:871,0
DA:875,0
DA:876,0
DA:879,0
DA:883,54
DA:884,54
DA:887,134
DA:888,0
DA:889,0
DA:890,0
DA:891,0
DA:893,0
DA:894,0
DA:899,134
DA:900,0
DA:901,0
DA:904,134
DA:916,134
DA:924,73
DA:926,73
DA:927,73
DA:928,26
DA:930,73
DA:931,73
DA:934,73
DA:948,2
DA:976,134
DA:977,58
DA:985,134
DA:998,1
DA:1017,214
DA:1029,0
DA:1039,1
DA:1090,1
DA:1091,1
DA:1099,17
DA:1103,0
DA:1114,1
DA:1127,2
DA:1160,3
DA:1172,0
DA:1217,0
DA:1247,0
DA:1318,0
DA:1329,0
LF:429
LH:292
BRDA:60,0,0,0
BRDA:60,0,1,26
BRDA:64,1,0,26
BRDA:64,1,1,23
BRDA:68,2,0,3
BRDA:68,2,1,23
BRDA:72,3,0,0
BRDA:72,3,1,73
BRDA:78,4,0,0
BRDA:78,4,1,73
BRDA:83,5,0,0
BRDA:83,5,1,73
BRDA:85,6,0,0
BRDA:85,6,1,73
BRDA:191,7,0,1
BRDA:191,7,1,1
BRDA:191,8,0,2
BRDA:191,8,1,2
BRDA:198,9,0,49
BRDA:199,10,0,0
BRDA:199,10,1,49
BRDA:205,11,0,48
BRDA:205,11,1,1
BRDA:207,12,0,0
BRDA:207,12,1,48
BRDA:228,13,0,8
BRDA:228,13,1,0
BRDA:234,14,0,0
BRDA:234,14,1,8
BRDA:236,15,0,2
BRDA:236,15,1,6
BRDA:240,16,0,6
BRDA:240,16,1,2
BRDA:265,17,0,0
BRDA:265,17,1,24
BRDA:273,18,0,18
BRDA:273,18,1,4
BRDA:278,19,0,18
BRDA:278,19,1,0
BRDA:293,20,0,1
BRDA:293,20,1,3
BRDA:294,21,0,4
BRDA:294,21,1,1
BRDA:301,22,0,2
BRDA:301,22,1,1
BRDA:307,23,0,3
BRDA:307,23,1,1
BRDA:313,24,0,2
BRDA:313,24,1,0
BRDA:314,25,0,1
BRDA:314,25,1,1
BRDA:316,26,0,1
BRDA:316,26,1,0
BRDA:332,27,0,21
BRDA:332,27,1,6
BRDA:333,28,0,3
BRDA:333,28,1,3
BRDA:337,29,0,0
BRDA:337,29,1,3
BRDA:347,30,0,1
BRDA:347,30,1,2
BRDA:350,31,0,3
BRDA:350,31,1,24
BRDA:359,32,0,2
BRDA:359,32,1,0
BRDA:362,33,0,1
BRDA:362,33,1,1
BRDA:372,34,0,0
BRDA:372,34,1,1
BRDA:376,35,0,1
BRDA:376,35,1,0
BRDA:380,36,0,0
BRDA:380,36,1,1
BRDA:408,37,0,24
BRDA:408,37,1,24
BRDA:410,38,0,24
BRDA:410,38,1,0
BRDA:412,39,0,24
BRDA:412,39,1,0
BRDA:414,40,0,24
BRDA:414,40,1,21
BRDA:427,41,0,45
BRDA:427,41,1,3
BRDA:427,42,0,48
BRDA:427,42,1,3
BRDA:431,43,0,3
BRDA:431,43,1,0
BRDA:433,44,0,0
BRDA:433,44,1,3
BRDA:433,45,0,3
BRDA:433,45,1,3
BRDA:438,46,0,3
BRDA:438,46,1,2
BRDA:442,47,0,0
BRDA:442,47,1,3
BRDA:461,48,0,0
BRDA:461,48,1,24
BRDA:464,49,0,24
BRDA:464,49,1,24
BRDA:466,50,0,0
BRDA:466,50,1,24
BRDA:467,51,0,0
BRDA:467,51,1,24
BRDA:481,52,0,3
BRDA:481,52,1,21
BRDA:481,53,0,24
BRDA:481,53,1,3
BRDA:495,54,0,0
BRDA:495,54,1,0
BRDA:505,55,0,0
BRDA:505,55,1,0
BRDA:506,56,0,0
BRDA:506,56,1,0
BRDA:534,57,0,0
BRDA:534,57,1,24
BRDA:537,58,0,23
BRDA:537,58,1,1
BRDA:545,59,0,21
BRDA:545,59,1,27
BRDA:545,60,0,48
BRDA:545,60,1,21
BRDA:559,61,0,27
BRDA:559,61,1,43
BRDA:566,62,0,24
BRDA:566,62,1,24
BRDA:575,63,0,10
BRDA:575,63,1,0
BRDA:583,64,0,0
BRDA:583,64,1,10
BRDA:585,65,0,0
BRDA:585,65,1,10
BRDA:591,66,0,0
BRDA:591,66,1,24
BRDA:605,67,0,24
BRDA:605,67,1,24
BRDA:632,68,0,3
BRDA:632,68,1,50
BRDA:642,69,0,39
BRDA:642,69,1,21
BRDA:651,70,0,16
BRDA:651,70,1,1
BRDA:651,70,2,1
BRDA:651,70,3,0
BRDA:655,71,0,1
BRDA:655,71,1,1
BRDA:655,72,0,1
BRDA:655,72,1,1
BRDA:657,73,0,1
BRDA:657,73,1,0
BRDA:658,74,0,1
BRDA:658,74,1,0
BRDA:678,75,0,0
BRDA:678,75,1,57
BRDA:683,76,0,0
BRDA:683,76,1,0
BRDA:687,77,0,0
BRDA:687,77,1,0
BRDA:709,78,0,0
BRDA:709,78,1,25
BRDA:709,79,0,25
BRDA:709,79,1,0
BRDA:724,80,0,3
BRDA:724,80,1,0
BRDA:724,80,2,0
BRDA:728,81,0,3
BRDA:728,81,1,0
BRDA:728,82,0,3
BRDA:728,82,1,0
BRDA:728,82,2,0
BRDA:728,82,3,0
BRDA:730,83,0,0
BRDA:730,83,1,3
BRDA:730,84,0,3
BRDA:730,84,1,0
BRDA:730,84,2,0
BRDA:735,85,0,0
BRDA:735,85,1,3
BRDA:736,86,0,3
BRDA:736,86,1,0
BRDA:736,86,2,0
BRDA:736,86,3,0
BRDA:736,86,4,0
BRDA:743,87,0,0
BRDA:743,87,1,0
BRDA:743,88,0,0
BRDA:743,88,1,0
BRDA:760,89,0,0
BRDA:760,89,1,0
BRDA:760,90,0,0
BRDA:760,90,1,0
BRDA:764,91,0,0
BRDA:764,91,1,0
BRDA:764,91,2,0
BRDA:764,91,3,0
BRDA:764,91,4,0
BRDA:764,91,5,0
BRDA:764,91,6,0
BRDA:764,91,7,0
BRDA:764,91,8,0
BRDA:764,91,9,0
BRDA:764,91,10,0
BRDA:764,91,11,0
BRDA:764,91,12,0
BRDA:799,92,0,0
BRDA:799,92,1,0
BRDA:800,93,0,0
BRDA:800,93,1,0
BRDA:808,94,0,0
BRDA:808,94,1,0
BRDA:814,95,0,0
BRDA:814,95,1,0
BRDA:826,96,0,0
BRDA:826,96,1,0
BRDA:857,97,0,0
BRDA:857,97,1,0
BRDA:857,98,0,0
BRDA:857,98,1,0
BRDA:859,99,0,0
BRDA:859,99,1,0
BRDA:870,100,0,0
BRDA:870,100,1,0
BRDA:893,101,0,0
BRDA:893,101,1,0
BRDA:904,102,0,11
BRDA:904,102,1,123
BRDA:927,103,0,26
BRDA:927,103,1,47
BRDA:927,104,0,73
BRDA:927,104,1,26
BRDA:930,105,0,73
BRDA:930,105,1,0
BRDA:941,106,0,47
BRDA:941,106,1,26
BRDA:954,107,0,47
BRDA:954,107,1,26
BRDA:994,108,0,134
BRDA:994,108,1,107
BRDA:1036,109,0,134
BRDA:1036,109,1,108
BRDA:1062,110,0,134
BRDA:1062,110,1,10
BRDA:1068,111,0,134
BRDA:1068,111,1,27
BRDA:1068,111,2,25
BRDA:1071,112,0,25
BRDA:1071,112,1,1
BRDA:1072,113,0,25
BRDA:1072,113,1,24
BRDA:1077,114,0,134
BRDA:1077,114,1,89
BRDA:1110,115,0,89
BRDA:1110,115,1,55
BRDA:1127,116,0,2
BRDA:1127,116,1,0
BRDA:1144,117,0,48
BRDA:1144,117,1,7
BRDA:1153,118,0,89
BRDA:1153,118,1,55
BRDA:1168,119,0,55
BRDA:1168,119,1,6
BRDA:1184,120,0,8
BRDA:1184,120,1,81
BRDA:1207,121,0,31
BRDA:1207,121,1,50
BRDA:1210,122,0,0
BRDA:1210,122,1,31
BRDA:1214,123,0,31
BRDA:1214,123,1,0
BRDA:1325,124,0,134
BRDA:1325,124,1,1
BRF:270
BRH:164
end_of_record
TN:
SF:src/pages/Login.tsx
FN:7,(anonymous_0)
FN:13,(anonymous_1)
FN:54,(anonymous_2)
FN:64,(anonymous_3)
FNF:4
FNH:4
FNDA:114,(anonymous_0)
FNDA:6,(anonymous_1)
FNDA:50,(anonymous_2)
FNDA:50,(anonymous_3)
DA:7,1
DA:8,114
DA:9,114
DA:10,114
DA:11,114
DA:13,114
DA:14,6
DA:15,6
DA:17,6
DA:18,6
DA:19,4
DA:20,4
DA:22,2
DA:26,114
DA:54,50
DA:64,50
LF:16
LH:16
BRDA:40,0,0,114
BRDA:40,0,1,14
BRF:2
BRH:2
end_of_record
TN:
SF:src/services/api.ts
FN:14,(anonymous_0)
FN:21,(anonymous_1)
FN:28,(anonymous_2)
FN:33,(anonymous_3)
FN:34,(anonymous_4)
FN:50,(anonymous_5)
FN:60,(anonymous_6)
FN:65,(anonymous_7)
FN:73,(anonymous_8)
FN:78,(anonymous_9)
FN:83,(anonymous_10)
FN:94,(anonymous_11)
FN:98,(anonymous_12)
FN:104,(anonymous_13)
FN:111,(anonymous_14)
FN:119,(anonymous_15)
FN:127,(anonymous_16)
FN:135,(anonymous_17)
FN:152,(anonymous_18)
FN:154,(anonymous_19)
FNF:20
FNH:16
FNDA:1,(anonymous_0)
FNDA:0,(anonymous_1)
FNDA:0,(anonymous_2)
FNDA:0,(anonymous_3)
FNDA:0,(anonymous_4)
FNDA:3,(anonymous_5)
FNDA:1,(anonymous_6)
FNDA:1,(anonymous_7)
FNDA:5,(anonymous_8)
FNDA:1,(anonymous_9)
FNDA:1,(anonymous_10)
FNDA:1,(anonymous_11)
FNDA:1,(anonymous_12)
FNDA:4,(anonymous_13)
FNDA:1,(anonymous_14)
FNDA:1,(anonymous_15)
FNDA:1,(anonymous_16)
FNDA:1,(anonymous_17)
FNDA:1,(anonymous_18)
FNDA:3,(anonymous_19)
DA:15,1
DA:20,1
DA:22,0
DA:23,0
DA:24,0
DA:26,0
DA:28,0
DA:32,1
DA:33,0
DA:37,0
DA:41,0
DA:42,0
DA:44,0
DA:51,3
DA:52,3
DA:53,3
DA:55,3
DA:56,2
DA:57,2
DA:61,1
DA:62,1
DA:66,1
DA:74,5
DA:75,3
DA:79,1
DA:80,1
DA:87,1
DA:91,1
DA:95,1
DA:99,1
DA:100,1
DA:105,4
DA:108,3
DA:112,1
DA:115,1
DA:120,1
DA:121,1
DA:122,1
DA:128,1
DA:129,1
DA:130,1
DA:136,1
DA:137,1
DA:144,1
DA:148,1
DA:152,1
DA:154,1
DA:157,3
DA:158,3
DA:159,2
DA:160,1
DA:162,1
DA:163,1
DA:165,1
DA:166,1
LF:55
LH:45
BRDA:16,0,0,1
BRDA:16,0,1,1
BRDA:23,1,0,0
BRDA:23,1,1,0
BRDA:37,2,0,0
BRDA:37,2,1,0
BRDA:38,3,0,0
BRDA:38,3,1,0
BRDA:104,4,0,4
BRDA:121,5,0,1
BRDA:121,5,1,1
BRDA:129,6,0,1
BRDA:129,6,1,1
BRDA:159,7,0,1
BRDA:159,7,1,1
BRF:15
BRH:9
end_of_record
TN:
SF:src/types/index.ts
FN:31,(anonymous_0)
FN:76,isApiError
FNF:2
FNH:2
FNDA:5,(anonymous_0)
FNDA:16,isApiError
DA:31,5
DA:32,5
DA:33,5
DA:77,16
LF:4
LH:4
BRDA:31,0,0,5
BRDA:31,0,1,5
BRDA:77,1,0,16
BRDA:77,1,1,16
BRDA:77,1,2,16
BRDA:77,1,3,2
BRF:6
BRH:6
end_of_record
